<?xml version="1.0" encoding="UTF-8"?>
<!-- Generated by org.testng.reporters.JUnitReportReporter -->
<testsuite hostname="DESKTOP-1HND23K" name="SumTest" tests="7" failures="1" timestamp="8 Sep 2017 21:10:27 GMT" time="0.015" errors="0">
  <testcase name="testSumLong" time="0.000" classname="SumTest"/>
  <testcase name="testSumLong" time="0.000" classname="SumTest"/>
  <testcase name="testSumLong" time="0.015" classname="SumTest"/>
  <testcase name="testSumLong" time="0.000" classname="SumTest"/>
  <testcase name="testSumDouble" time="0.000" classname="SumTest">
    <failure type="java.lang.AssertionError" message="1.2+8.6 should be 9.8 expected [9.8] but found [9.799999999999999]">
      <![CDATA[java.lang.AssertionError: 1.2+8.6 should be 9.8 expected [9.8] but found [9.799999999999999]
	at org.testng.Assert.fail(Assert.java:94)
	at org.testng.Assert.failNotEquals(Assert.java:496)
	at org.testng.Assert.assertEquals(Assert.java:125)
	at SumTest.testSumDouble(SumTest.java:29)
	at sun.reflect.NativeMethodAccessorImpl.invoke0(Native Method)
	at sun.reflect.NativeMethodAccessorImpl.invoke(NativeMethodAccessorImpl.java:62)
	at sun.reflect.DelegatingMethodAccessorImpl.invoke(DelegatingMethodAccessorImpl.java:43)
	at java.lang.reflect.Method.invoke(Method.java:498)
	at org.testng.internal.MethodInvocationHelper.invokeMethod(MethodInvocationHelper.java:85)
	at org.testng.internal.Invoker.invokeMethod(Invoker.java:639)
	at org.testng.internal.Invoker.invokeTestMethod(Invoker.java:816)
	at org.testng.internal.Invoker.invokeTestMethods(Invoker.java:1124)
	at org.testng.internal.TestMethodWorker.invokeTestMethods(TestMethodWorker.java:125)
	at org.testng.internal.TestMethodWorker.run(TestMethodWorker.java:108)
	at java.util.concurrent.ThreadPoolExecutor.runWorker(ThreadPoolExecutor.java:1149)
	at java.util.concurrent.ThreadPoolExecutor$Worker.run(ThreadPoolExecutor.java:624)
	at java.lang.Thread.run(Thread.java:748)
]]>
    </failure>
  </testcase> <!-- testSumDouble -->
  <testcase name="testSumLong" time="0.000" classname="SumTest"/>
  <testcase name="testSumLong" time="0.000" classname="SumTest"/>
</testsuite> <!-- SumTest -->
