<?xml version="1.0" encoding="UTF-8"?>
<!-- Generated by org.testng.reporters.JUnitXMLReporter -->
<testsuite hostname="DESKTOP-1HND23K" tests="4" failures="2" timestamp="8 Sep 2017 21:10:26 GMT" time="0.031" errors="0">
  <testcase name="testCos" time="0.0" classname="SinTest">
    <failure type="java.lang.AssertionError" message="sin 180 should be 0.0 expected [0.7071067811865475] but found [0.8509035245341184]">
      <![CDATA[java.lang.AssertionError: sin 180 should be 0.0 expected [0.7071067811865475] but found [0.8509035245341184]
	at SinTest.testCos(SinTest.java:14)
	at Runner.main(Runner.java:30)
... Removed 25 stack frames]]>
    </failure>
  </testcase> <!-- testCos -->
  <testcase name="testCos" time="0.0" classname="CosTest">
    <failure type="java.lang.AssertionError" message="expected [0.7071067811865475] but found [0.8509035245341184]">
      <![CDATA[java.lang.AssertionError: expected [0.7071067811865475] but found [0.8509035245341184]
	at CosTest.testCos(CosTest.java:15)
	at Runner.main(Runner.java:30)
... Removed 26 stack frames]]>
    </failure>
  </testcase> <!-- testCos -->
  <testcase name="testCtgPositive" time="0.0" classname="CtgTest"/>
  <testcase name="testTgPositive" time="0.0" classname="TgTest">
    <skipped/>
  </testcase> <!-- testTgPositive -->
</testsuite>
